<?xml version="1.0" encoding="UTF-8"?>
<testng-results ignored="0" total="1" passed="1" failed="0" skipped="0">
  <reporter-output>
  </reporter-output>
  <suite started-at="2023-01-04T14:46:08 IST" name="Default suite" finished-at="2023-01-04T14:46:37 IST" duration-ms="28362">
    <groups>
    </groups>
    <test started-at="2023-01-04T14:46:08 IST" name="Default test" finished-at="2023-01-04T14:46:37 IST" duration-ms="28362">
      <class name="Appium_ecommerce.AddtoCart">
        <test-method is-config="true" signature="ConfugureAppium()[pri:0, instance:Appium_ecommerce.AddtoCart@942a29c]" started-at="2023-01-04T14:46:08 IST" name="ConfugureAppium" finished-at="2023-01-04T14:46:19 IST" duration-ms="10778" status="PASS">
          <reporter-output>
          </reporter-output>
        </test-method> <!-- ConfugureAppium -->
        <test-method signature="Add_to_cart()[pri:0, instance:Appium_ecommerce.AddtoCart@942a29c]" started-at="2023-01-04T14:46:19 IST" name="Add_to_cart" finished-at="2023-01-04T14:46:31 IST" duration-ms="12268" status="PASS">
          <reporter-output>
          </reporter-output>
        </test-method> <!-- Add_to_cart -->
        <test-method is-config="true" signature="TearDown()[pri:0, instance:Appium_ecommerce.AddtoCart@942a29c]" started-at="2023-01-04T14:46:31 IST" name="TearDown" finished-at="2023-01-04T14:46:37 IST" duration-ms="5276" status="PASS">
          <reporter-output>
          </reporter-output>
        </test-method> <!-- TearDown -->
      </class> <!-- Appium_ecommerce.AddtoCart -->
    </test> <!-- Default test -->
  </suite> <!-- Default suite -->
</testng-results>
